2024-08-06 15:21:12|   0.0|  0.0|INFORM|Current FME version: FME 2022.2.0.0 (20221103 - Build 22765 - WIN64)
2024-08-06 15:21:12|   0.0|  0.0|INFORM|FME_HOME is 'C:\Program Files\FME\'
2024-08-06 15:21:12|   0.0|  0.0|INFORM|FME Desktop ESRI Edition (floating), FME Student Edition (node locked-crc)
2024-08-06 15:21:12|   0.0|  0.0|INFORM|Serial Number: U4SPZTE8780CDJ9FG19M
2024-08-06 15:21:12|   0.0|  0.0|INFORM|Temporary License: 110 days left.
2024-08-06 15:21:12|   0.0|  0.0|INFORM|Machine host name is: PASS-CDW-245
2024-08-06 15:21:12|   0.0|  0.0|INFORM|OS Locale Name     : en_US
2024-08-06 15:21:12|   0.0|  0.0|INFORM|OS Locale Encoding : UTF-8
2024-08-06 15:21:12|   0.0|  0.0|INFORM|Process Encoding   : UTF-8
2024-08-06 15:21:12|   0.0|  0.0|INFORM|FME API version: '4.0 20220615'
2024-08-06 15:21:12|   0.0|  0.0|INFORM|FME Configuration: FME_BASE is 'no'
2024-08-06 15:21:12|   0.0|  0.0|INFORM|FME Configuration: FME_MF_DIR is 'C:\!Capstone\repo\TL16\data-consolidation/'
2024-08-06 15:21:12|   0.0|  0.0|INFORM|FME Configuration: FME_MF_NAME is 'comliance_flow.fmw'
2024-08-06 15:21:12|   0.0|  0.0|INFORM|FME Configuration: FME_PRODUCT_NAME is 'FME(R) 2022.2.0.0'
2024-08-06 15:21:12|   0.0|  0.0|INFORM|Operating System: Microsoft Windows 10 64-bit  (Build 19045)
2024-08-06 15:21:12|   0.0|  0.0|INFORM|FME Platform: WIN64
2024-08-06 15:21:12|   0.0|  0.0|INFORM|System Status: 12.19 GB of disk space available in the FME temporary folder (C:\Users\mauer4.stu\AppData\Local\Temp\wbrun_1722980207981_22708\fmetmp_3)
2024-08-06 15:21:12|   0.0|  0.0|INFORM|System Status: 15.87 GB of physical memory available
2024-08-06 15:21:12|   0.0|  0.0|INFORM|System Status: 63.49 GB of virtual memory available
2024-08-06 15:21:12|   0.0|  0.0|INFORM|START - ProcessID: 22204, peak process memory usage: 49952 kB, current process memory usage: 49952 kB
2024-08-06 15:21:12|   0.0|  0.0|INFORM|FME Configuration: Command line arguments are `C:\Program Files\FME\fme.exe' `C:/!Capstone/repo/TL16/data-consolidation\wb-xlate-1722982871361_22708' `LOG_STANDARDOUT' `YES' `LOG_TIMINGS' `YES' `LogCountServerName' `55399' `LOG_STANDARDOUT' `No' `WORKBENCH_LOG_SERVER' `55352'
2024-08-06 15:21:12|   0.0|  0.0|INFORM|FME Configuration: Connection Storage: 'C:\Users\mauer4.stu\AppData\Roaming\Safe Software\FME\'
2024-08-06 15:21:12|   0.0|  0.0|INFORM|Shared folders for formats are : C:\Program Files\FME\datasources;C:\Users\mauer4.stu\Documents\FME\Formats
2024-08-06 15:21:12|   0.0|  0.0|INFORM|Shared folders for transformers are : C:\Users\mauer4.stu\AppData\Roaming\Safe Software\FME\Packages\22765-win64\transformers;C:\Program Files\FME\transformers;C:\Users\mauer4.stu\AppData\Roaming\Safe Software\FME\FME Store\Transformers
2024-08-06 15:21:12|   0.0|  0.0|INFORM|Shared folders for coordinate systems are : C:\Users\mauer4.stu\Documents\FME\CoordinateSystems
2024-08-06 15:21:12|   0.0|  0.0|INFORM|Shared folders for coordinate system exceptions are : C:\Users\mauer4.stu\Documents\FME\CoordinateSystemExceptions
2024-08-06 15:21:12|   0.0|  0.0|INFORM|Shared folders for coordinate system grid overrides are : C:\Users\mauer4.stu\Documents\FME\CoordinateSystemGridOverrides
2024-08-06 15:21:12|   0.0|  0.0|INFORM|Shared folders for CS-MAP transformation exceptions are : C:\Users\mauer4.stu\Documents\FME\CsmapTransformationExceptions
2024-08-06 15:21:12|   0.0|  0.0|INFORM|Shared folders for transformer categories are : C:\Users\mauer4.stu\Documents\FME\TransformerCategories
2024-08-06 15:21:12|   0.0|  0.0|INFORM|FME Configuration: Reader Keyword is `MULTI_READER'
2024-08-06 15:21:12|   0.0|  0.0|INFORM|FME Configuration: Writer Keyword is `NULL_DEST'
2024-08-06 15:21:12|   0.0|  0.0|INFORM|FME Configuration: Writer Group Definition Keyword is `NULL_DEST_DEF'
2024-08-06 15:21:12|   0.0|  0.0|INFORM|FME Configuration: Reader type is `MULTI_READER'
2024-08-06 15:21:12|   0.0|  0.0|INFORM|FME Configuration: Writer type is `NULL'
2024-08-06 15:21:12|   0.0|  0.0|INFORM|FME Configuration: No destination coordinate system set
2024-08-06 15:21:12|   0.0|  0.0|INFORM|FME Configuration: Current working folder is `C:\!Capstone\repo\TL16\data-consolidation'
2024-08-06 15:21:12|   0.0|  0.0|INFORM|FME Configuration: Temporary folder is `C:\Users\mauer4.stu\AppData\Local\Temp\wbrun_1722980207981_22708\fmetmp_3', set from environment variable `FME_TEMP'
2024-08-06 15:21:12|   0.0|  0.0|INFORM|FME Configuration: Cache folder is 'C:\Users\mauer4.stu\AppData\Local\Temp'
2024-08-06 15:21:12|   0.0|  0.0|INFORM|FME Configuration: FME_HOME is `C:\Program Files\FME\'
2024-08-06 15:21:12|   0.0|  0.0|INFORM|FME Configuration: Start freeing memory when the process exceeds 47.62 GB
2024-08-06 15:21:12|   0.0|  0.0|INFORM|FME Configuration: Stop freeing memory when the process is below 35.72 GB
2024-08-06 15:21:12|   0.0|  0.0|INFORM|Creating writer for format: NULL (Nothing)
2024-08-06 15:21:12|   0.0|  0.0|INFORM|Trying to find a DYNAMIC plugin for writer named `NULL'
2024-08-06 15:21:12|   0.0|  0.0|INFORM|Loaded module 'NULL' from file 'C:\Program Files\FME\plugins/NULL.dll'
2024-08-06 15:21:12|   0.0|  0.0|INFORM|FME API version of module 'NULL' matches current internal version (4.0 20220615)
2024-08-06 15:21:12|   0.1|  0.1|INFORM|Creating reader for format: 
2024-08-06 15:21:12|   0.1|  0.0|INFORM|MULTI_READER(MULTI_READER): Will fail with first member reader failure
2024-08-06 15:21:12|   0.1|  0.0|INFORM|Using Multi Reader with keyword `MULTI_READER' to read multiple datasets
2024-08-06 15:21:12|   0.1|  0.0|INFORM|Loaded module 'Geometry_func' from file 'C:\Program Files\FME\plugins/Geometry_func.dll'
2024-08-06 15:21:12|   0.1|  0.0|INFORM|FME API version of module 'Geometry_func' matches current internal version (4.0 20220615)
2024-08-06 15:21:12|   0.1|  0.0|INFORM|Loaded module 'LogCount_func' from file 'C:\Program Files\FME\plugins/LogCount_func.dll'
2024-08-06 15:21:12|   0.1|  0.0|INFORM|FME API version of module 'LogCount_func' matches current internal version (4.0 20220615)
2024-08-06 15:21:13|   0.1|  0.0|INFORM|Loaded module 'PythonFactory' from file 'C:\Program Files\FME\plugins/PythonFactory.dll'
2024-08-06 15:21:13|   0.1|  0.0|INFORM|FME API version of module 'PythonFactory' matches current internal version (4.0 20220615)
2024-08-06 15:21:13|   0.1|  0.0|INFORM|Using Python interpreter from `C:\Program Files\FME\fmepython310\python310.dll' with PYTHONHOME `C:\Program Files\FME\fmepython310'
2024-08-06 15:21:13|   0.1|  0.0|INFORM|Python version 3.10 loaded successfully
2024-08-06 15:21:13|   0.1|  0.0|INFORM|Adding folder `C:\!Capstone\repo\TL16\data-consolidation\' to the python path
