2024-03-09 22:09:55|   0.0|  0.0|INFORM|Current FME version: FME 2022.2.0.0 (20221103 - Build 22765 - WIN64)
2024-03-09 22:09:55|   0.0|  0.0|INFORM|FME_HOME is 'C:\Program Files\FME\'
2024-03-09 22:09:55|   0.0|  0.0|INFORM|FME for June (node locked-crc)
2024-03-09 22:09:55|   0.0|  0.0|INFORM|Serial Number: 0
2024-03-09 22:09:55|   0.0|  0.0|INFORM|Temporary License: 115 days left.
2024-03-09 22:09:55|   0.0|  0.0|INFORM|Machine host name is: Strombird
2024-03-09 22:09:55|   0.0|  0.0|INFORM|OS Locale Name     : en_CA
2024-03-09 22:09:55|   0.0|  0.0|INFORM|OS Locale Encoding : windows-1252
2024-03-09 22:09:55|   0.0|  0.0|INFORM|Process Encoding   : UTF-8
2024-03-09 22:09:55|   0.0|  0.0|INFORM|FME API version: '4.0 20220615'
2024-03-09 22:09:55|   0.0|  0.0|INFORM|FME Configuration: FME_BASE is 'no'
2024-03-09 22:09:55|   0.0|  0.0|INFORM|FME Configuration: FME_MF_DIR is 'C:\Users\aayus\OneDrive\Desktop\TL16\data-consolidation/'
2024-03-09 22:09:55|   0.0|  0.0|INFORM|FME Configuration: FME_MF_NAME is 'weather.fmw'
2024-03-09 22:09:55|   0.0|  0.0|INFORM|FME Configuration: FME_PRODUCT_NAME is 'FME(R) 2022.2.0.0'
2024-03-09 22:09:55|   0.0|  0.0|INFORM|Operating System: Microsoft Windows 11 64-bit  (Build 22631)
2024-03-09 22:09:55|   0.0|  0.0|INFORM|FME Platform: WIN64
2024-03-09 22:09:55|   0.0|  0.0|INFORM|System Status: 766.78 GB of disk space available in the FME temporary folder (C:\Users\aayus\AppData\Local\Temp\wbrun_1710050223581_9756\fmetmp_4)
2024-03-09 22:09:55|   0.0|  0.0|INFORM|System Status: 15.74 GB of physical memory available
2024-03-09 22:09:55|   0.0|  0.0|WARN  |Failed to free sufficient memory to reach the process usage limit. To improve stability and performance please increase the memory available to FME. Available memory can be increased by adding physical RAM, increasing swap space, or closing other applications
2024-03-09 22:09:55|   0.0|  0.0|INFORM|System Status: 62.98 GB of virtual memory available
2024-03-09 22:09:55|   0.0|  0.0|INFORM|START - ProcessID: 27808, peak process memory usage: 71804 kB, current process memory usage: 71804 kB
2024-03-09 22:09:55|   0.0|  0.0|INFORM|FME Configuration: Command line arguments are `C:\Program Files\FME\fme.exe' `C:/Users/aayus/OneDrive/Desktop/TL16/data-consolidation\wb-xlate-1710050994769_9756' `LOG_STANDARDOUT' `YES' `LOG_TIMINGS' `YES' `LogCountServerName' `29866' `LOG_STANDARDOUT' `No' `WORKBENCH_LOG_SERVER' `62839'
2024-03-09 22:09:55|   0.0|  0.0|INFORM|FME Configuration: Connection Storage: 'C:\Users\aayus\AppData\Roaming\Safe Software\FME\'
2024-03-09 22:09:55|   0.0|  0.0|INFORM|Shared folders for formats are : C:\Program Files\FME\datasources;C:\Users\aayus\OneDrive\Documents\FME\Formats
2024-03-09 22:09:55|   0.0|  0.0|INFORM|Shared folders for transformers are : C:\Users\aayus\AppData\Roaming\Safe Software\FME\Packages\22765-win64\transformers;C:\Program Files\FME\transformers
2024-03-09 22:09:55|   0.0|  0.0|INFORM|Shared folders for coordinate systems are : C:\Users\aayus\OneDrive\Documents\FME\CoordinateSystems
2024-03-09 22:09:55|   0.0|  0.0|INFORM|Shared folders for coordinate system exceptions are : C:\Users\aayus\OneDrive\Documents\FME\CoordinateSystemExceptions
2024-03-09 22:09:55|   0.0|  0.0|INFORM|Shared folders for coordinate system grid overrides are : C:\Users\aayus\OneDrive\Documents\FME\CoordinateSystemGridOverrides
2024-03-09 22:09:55|   0.0|  0.0|INFORM|Shared folders for CS-MAP transformation exceptions are : C:\Users\aayus\OneDrive\Documents\FME\CsmapTransformationExceptions
2024-03-09 22:09:55|   0.0|  0.0|INFORM|Shared folders for transformer categories are : C:\Users\aayus\OneDrive\Documents\FME\TransformerCategories
2024-03-09 22:09:55|   0.0|  0.0|INFORM|FME Configuration: Reader Keyword is `MULTI_READER'
2024-03-09 22:09:55|   0.0|  0.0|INFORM|FME Configuration: Writer Keyword is `NULL_DEST'
2024-03-09 22:09:55|   0.0|  0.0|INFORM|FME Configuration: Writer Group Definition Keyword is `NULL_DEST_DEF'
2024-03-09 22:09:55|   0.0|  0.0|INFORM|FME Configuration: Reader type is `MULTI_READER'
2024-03-09 22:09:55|   0.0|  0.0|INFORM|FME Configuration: Writer type is `NULL'
2024-03-09 22:09:55|   0.0|  0.0|INFORM|FME Configuration: No destination coordinate system set
2024-03-09 22:09:55|   0.0|  0.0|INFORM|FME Configuration: Current working folder is `C:\Users\aayus\OneDrive\Desktop\TL16\data-consolidation'
2024-03-09 22:09:55|   0.0|  0.0|INFORM|FME Configuration: Temporary folder is `C:\Users\aayus\AppData\Local\Temp\wbrun_1710050223581_9756\fmetmp_4', set from environment variable `FME_TEMP'
2024-03-09 22:09:55|   0.0|  0.0|INFORM|FME Configuration: Cache folder is 'C:\Users\aayus\AppData\Local\Temp'
2024-03-09 22:09:55|   0.0|  0.0|INFORM|FME Configuration: FME_HOME is `C:\Program Files\FME\'
2024-03-09 22:09:55|   0.0|  0.0|WARN  |FME Configuration: Extremely low initial memory conditions detected. To improve stability and performance please increase the memory available to FME. Available memory can be increased by adding physical RAM, increasing swap space, or closing other applications
2024-03-09 22:09:56|   0.0|  0.0|INFORM|Creating writer for format: NULL (Nothing)
2024-03-09 22:09:56|   0.0|  0.0|INFORM|Trying to find a DYNAMIC plugin for writer named `NULL'
2024-03-09 22:09:56|   0.0|  0.0|INFORM|Loaded module 'NULL' from file 'C:\Program Files\FME\plugins/NULL.dll'
2024-03-09 22:09:56|   0.0|  0.0|INFORM|FME API version of module 'NULL' matches current internal version (4.0 20220615)
2024-03-09 22:09:56|   0.0|  0.0|INFORM|Creating reader for format: 
2024-03-09 22:09:56|   0.0|  0.0|INFORM|MULTI_READER(MULTI_READER): Will fail with first member reader failure
2024-03-09 22:09:56|   0.0|  0.0|INFORM|Using Multi Reader with keyword `MULTI_READER' to read multiple datasets
2024-03-09 22:09:56|   0.0|  0.0|INFORM|Loaded module 'LogCount_func' from file 'C:\Program Files\FME\plugins/LogCount_func.dll'
2024-03-09 22:09:56|   0.0|  0.0|INFORM|FME API version of module 'LogCount_func' matches current internal version (4.0 20220615)
2024-03-09 22:09:56|   0.0|  0.0|INFORM|Loaded module 'PythonFactory' from file 'C:\Program Files\FME\plugins/PythonFactory.dll'
2024-03-09 22:09:56|   0.0|  0.0|INFORM|FME API version of module 'PythonFactory' matches current internal version (4.0 20220615)
2024-03-09 22:09:56|   0.0|  0.0|INFORM|Using Python interpreter from `C:\Program Files\FME\fmepython310\python310.dll' with PYTHONHOME `C:\Program Files\FME\fmepython310'
2024-03-09 22:09:56|   0.0|  0.0|INFORM|Python version 3.10 loaded successfully
2024-03-09 22:09:56|   0.0|  0.0|INFORM|Adding folder `C:\Users\aayus\OneDrive\Desktop\TL16\data-consolidation\' to the python path
2024-03-09 22:09:56|   0.0|  0.0|INFORM|Emptying factory pipeline
2024-03-09 22:09:56|   0.0|  0.0|STATS |Restoring 1 feature(s) from FME feature store file `C:\Users\aayus\AppData\Local\Temp\wb-cache-weather-kyPDsO\Main_HTTPCaller -1 3 fo 0 Output  0  02ecae10da70e6006cb8a659f998305f7a688029.ffs'
2024-03-09 22:09:56|   0.0|  0.0|INFORM|Optional `process_group' method not present; not called
2024-03-09 22:09:56|   0.0|  0.0|STATS |Destination Feature Type Routing Correlator (RoutingFactory): Tested 0 input feature(s), wrote 0 output feature(s): 0 matched merge filters, 0 were routed to output, 0 could not be routed.
2024-03-09 22:09:56|   0.0|  0.0|STATS |Final Output Nuker (TeeFactory): Cloned 0 input feature(s) into 0 output feature(s)
2024-03-09 22:09:56|   0.0|  0.0|STATS |=-=-=-=-=-=-=-=-=-=-=-=-=-=-=-=-=-=-=-=-=-=-=-=-=-=-=-=-=-=-=-=-=-=-=-=-=-=-=-
2024-03-09 22:09:56|   0.0|  0.0|STATS |                            Features Read Summary
2024-03-09 22:09:56|   0.0|  0.0|STATS |=-=-=-=-=-=-=-=-=-=-=-=-=-=-=-=-=-=-=-=-=-=-=-=-=-=-=-=-=-=-=-=-=-=-=-=-=-=-=-
2024-03-09 22:09:56|   0.0|  0.0|STATS |==============================================================================
2024-03-09 22:09:56|   0.0|  0.0|STATS |Total Features Read                                                          0
2024-03-09 22:09:56|   0.0|  0.0|STATS |=-=-=-=-=-=-=-=-=-=-=-=-=-=-=-=-=-=-=-=-=-=-=-=-=-=-=-=-=-=-=-=-=-=-=-=-=-=-=-
2024-03-09 22:09:56|   0.0|  0.0|STATS |=-=-=-=-=-=-=-=-=-=-=-=-=-=-=-=-=-=-=-=-=-=-=-=-=-=-=-=-=-=-=-=-=-=-=-=-=-=-=-
2024-03-09 22:09:56|   0.0|  0.0|STATS |                           Features Written Summary
2024-03-09 22:09:56|   0.0|  0.0|STATS |=-=-=-=-=-=-=-=-=-=-=-=-=-=-=-=-=-=-=-=-=-=-=-=-=-=-=-=-=-=-=-=-=-=-=-=-=-=-=-
2024-03-09 22:09:56|   0.0|  0.0|STATS |==============================================================================
2024-03-09 22:09:56|   0.0|  0.0|STATS |Total Features Written                                                       0
2024-03-09 22:09:56|   0.0|  0.0|STATS |=-=-=-=-=-=-=-=-=-=-=-=-=-=-=-=-=-=-=-=-=-=-=-=-=-=-=-=-=-=-=-=-=-=-=-=-=-=-=-
2024-03-09 22:09:56|   0.0|  0.0|WARN  |-~-~-~-~-~-~-~-~-~-~-~-~-~-~-~-~-~-~-~-~-~-~-~-~-~-~-~-~-~-~-~-~-~-~-~-~-~-~-~-~-
2024-03-09 22:09:56|   0.0|  0.0|WARN  |-~                                                                             ~-
2024-03-09 22:09:56|   0.0|  0.0|WARN  |-~    Feature caches have been recorded at every stage of the translation.     ~-
2024-03-09 22:09:56|   0.0|  0.0|WARN  |-~                      To inspect the recorded features,                      ~-
2024-03-09 22:09:56|   0.0|  0.0|WARN  |-~              click the feature cache icons next to the ports.               ~-
2024-03-09 22:09:56|   0.0|  0.0|WARN  |-~                                                                             ~-
2024-03-09 22:09:56|   0.0|  0.0|WARN  |-~-~-~-~-~-~-~-~-~-~-~-~-~-~-~-~-~-~-~-~-~-~-~-~-~-~-~-~-~-~-~-~-~-~-~-~-~-~-~-~-
2024-03-09 22:09:56|   0.0|  0.0|INFORM|Translation was SUCCESSFUL with 9 warning(s) (0 feature(s) output)
2024-03-09 22:09:56|   0.0|  0.0|INFORM|FME Session Duration: 0.2 seconds. (CPU: 0.0s user, 0.0s system)
2024-03-09 22:09:56|   0.0|  0.0|INFORM|END - ProcessID: 27808, peak process memory usage: 91024 kB, current process memory usage: 90968 kB
